<?xml version="1.0" encoding="UTF-8"?>
<testng-results ignored="0" total="3" passed="3" failed="0" skipped="0">
  <reporter-output>
  </reporter-output>
  <suite started-at="2022-04-28T20:18:33 EDT" name="Features" finished-at="2022-04-28T20:18:45 EDT" duration-ms="12225">
    <groups>
    </groups>
    <test started-at="2022-04-28T20:18:33 EDT" name="Entry Ad" finished-at="2022-04-28T20:18:42 EDT" duration-ms="9373">
      <class name="test.EntryAd">
        <test-method is-config="true" signature="setup()[pri:0, instance:test.EntryAd@6dbb137d]" started-at="2022-04-28T20:18:33 EDT" name="setup" finished-at="2022-04-28T20:18:42 EDT" duration-ms="8980" status="PASS">
          <reporter-output>
          </reporter-output>
        </test-method> <!-- setup -->
        <test-method signature="EntryAdModalWin()[pri:0, instance:test.EntryAd@6dbb137d]" started-at="2022-04-28T20:18:42 EDT" name="EntryAdModalWin" finished-at="2022-04-28T20:18:42 EDT" duration-ms="159" status="PASS">
          <reporter-output>
          </reporter-output>
        </test-method> <!-- EntryAdModalWin -->
        <test-method is-config="true" signature="endSession()[pri:0, instance:test.EntryAd@6dbb137d]" started-at="2022-04-28T20:18:42 EDT" name="endSession" finished-at="2022-04-28T20:18:42 EDT" duration-ms="210" status="PASS">
          <reporter-output>
          </reporter-output>
        </test-method> <!-- endSession -->
      </class> <!-- test.EntryAd -->
    </test> <!-- Entry Ad -->
    <test started-at="2022-04-28T20:18:42 EDT" name="DropDown" finished-at="2022-04-28T20:18:45 EDT" duration-ms="2839">
      <class name="test.DropDown">
        <test-method is-config="true" signature="setup()[pri:0, instance:test.DropDown@5be6e01c]" started-at="2022-04-28T20:18:42 EDT" name="setup" finished-at="2022-04-28T20:18:44 EDT" duration-ms="2402" status="PASS">
          <reporter-output>
          </reporter-output>
        </test-method> <!-- setup -->
        <test-method signature="dropDownHeader()[pri:0, instance:test.DropDown@5be6e01c]" started-at="2022-04-28T20:18:44 EDT" name="dropDownHeader" finished-at="2022-04-28T20:18:45 EDT" duration-ms="155" status="PASS">
          <reporter-output>
          </reporter-output>
        </test-method> <!-- dropDownHeader -->
        <test-method signature="dropDownSelection()[pri:0, instance:test.DropDown@5be6e01c]" started-at="2022-04-28T20:18:45 EDT" name="dropDownSelection" finished-at="2022-04-28T20:18:45 EDT" duration-ms="149" status="PASS">
          <reporter-output>
          </reporter-output>
        </test-method> <!-- dropDownSelection -->
        <test-method is-config="true" signature="endSession()[pri:0, instance:test.DropDown@5be6e01c]" started-at="2022-04-28T20:18:45 EDT" name="endSession" finished-at="2022-04-28T20:18:45 EDT" duration-ms="129" status="PASS">
          <reporter-output>
          </reporter-output>
        </test-method> <!-- endSession -->
      </class> <!-- test.DropDown -->
    </test> <!-- DropDown -->
  </suite> <!-- Features -->
</testng-results>
